
*** Running vivado
    with args -log design_1_wrapper.vdi -applog -m64 -product Vivado -messageDb vivado.pb -mode batch -source design_1_wrapper.tcl -notrace


****** Vivado v2020.1 (64-bit)
  **** SW Build 2902540 on Wed May 27 19:54:35 MDT 2020
  **** IP Build 2902112 on Wed May 27 22:43:36 MDT 2020
    ** Copyright 1986-2020 Xilinx, Inc. All Rights Reserved.

source design_1_wrapper.tcl -notrace
INFO: [IP_Flow 19-234] Refreshing IP repositories
INFO: [IP_Flow 19-1704] No user IP repositories specified
INFO: [IP_Flow 19-2313] Loaded Vivado IP repository '/tools/Xilinx/Vivado/2020.1/data/ip'.
Command: link_design -top design_1_wrapper -part xc7z020clg400-1
Design is defaulting to srcset: sources_1
Design is defaulting to constrset: constrs_1
INFO: [Device 21-403] Loading part xc7z020clg400-1
INFO: [Project 1-454] Reading design checkpoint '/home/sims0702/Documents/lab3/lab3.srcs/sources_1/bd/design_1/ip/design_1_VGA_pattern_0_0/design_1_VGA_pattern_0_0.dcp' for cell 'design_1_i/VGA_pattern_0'
INFO: [Project 1-454] Reading design checkpoint '/home/sims0702/Documents/lab3/lab3.srcs/sources_1/bd/design_1/ip/design_1_VGA_timings_0_0/design_1_VGA_timings_0_0.dcp' for cell 'design_1_i/VGA_timings_0'
INFO: [Project 1-454] Reading design checkpoint '/home/sims0702/Documents/lab3/lab3.srcs/sources_1/bd/design_1/ip/design_1_clk_wiz_0_0/design_1_clk_wiz_0_0.dcp' for cell 'design_1_i/clk_wiz_0'
Netlist sorting complete. Time (s): cpu = 00:00:00 ; elapsed = 00:00:00 . Memory (MB): peak = 2191.012 ; gain = 0.000 ; free physical = 1290 ; free virtual = 7523
INFO: [Netlist 29-17] Analyzing 17 Unisim elements for replacement
INFO: [Netlist 29-28] Unisim Transformation completed in 0 CPU seconds
INFO: [Project 1-479] Netlist was created with Vivado 2020.1
INFO: [Project 1-570] Preparing netlist for logic optimization
Parsing XDC File [/home/sims0702/Documents/lab3/lab3.srcs/sources_1/bd/design_1/ip/design_1_clk_wiz_0_0/design_1_clk_wiz_0_0_board.xdc] for cell 'design_1_i/clk_wiz_0/inst'
Finished Parsing XDC File [/home/sims0702/Documents/lab3/lab3.srcs/sources_1/bd/design_1/ip/design_1_clk_wiz_0_0/design_1_clk_wiz_0_0_board.xdc] for cell 'design_1_i/clk_wiz_0/inst'
Parsing XDC File [/home/sims0702/Documents/lab3/lab3.srcs/sources_1/bd/design_1/ip/design_1_clk_wiz_0_0/design_1_clk_wiz_0_0.xdc] for cell 'design_1_i/clk_wiz_0/inst'
INFO: [Timing 38-35] Done setting XDC timing constraints. [/home/sims0702/Documents/lab3/lab3.srcs/sources_1/bd/design_1/ip/design_1_clk_wiz_0_0/design_1_clk_wiz_0_0.xdc:57]
INFO: [Timing 38-2] Deriving generated clocks [/home/sims0702/Documents/lab3/lab3.srcs/sources_1/bd/design_1/ip/design_1_clk_wiz_0_0/design_1_clk_wiz_0_0.xdc:57]
get_clocks: Time (s): cpu = 00:00:05 ; elapsed = 00:00:06 . Memory (MB): peak = 2412.965 ; gain = 221.953 ; free physical = 811 ; free virtual = 7043
Finished Parsing XDC File [/home/sims0702/Documents/lab3/lab3.srcs/sources_1/bd/design_1/ip/design_1_clk_wiz_0_0/design_1_clk_wiz_0_0.xdc] for cell 'design_1_i/clk_wiz_0/inst'
Parsing XDC File [/home/sims0702/Documents/lab3/lab3.srcs/constrs_1/imports/Documents/PYNQ-Z2 v1.0.xdc]
Finished Parsing XDC File [/home/sims0702/Documents/lab3/lab3.srcs/constrs_1/imports/Documents/PYNQ-Z2 v1.0.xdc]
INFO: [Opt 31-138] Pushed 0 inverter(s) to 0 load pin(s).
Netlist sorting complete. Time (s): cpu = 00:00:00 ; elapsed = 00:00:00 . Memory (MB): peak = 2412.965 ; gain = 0.000 ; free physical = 811 ; free virtual = 7044
INFO: [Project 1-111] Unisim Transformation Summary:
No Unisim elements were transformed.

15 Infos, 0 Warnings, 0 Critical Warnings and 0 Errors encountered.
link_design completed successfully
link_design: Time (s): cpu = 00:00:10 ; elapsed = 00:00:13 . Memory (MB): peak = 2412.965 ; gain = 221.953 ; free physical = 811 ; free virtual = 7044
Command: opt_design
Attempting to get a license for feature 'Implementation' and/or device 'xc7z020'
INFO: [Common 17-349] Got license for feature 'Implementation' and/or device 'xc7z020'
Running DRC as a precondition to command opt_design

Starting DRC Task
INFO: [DRC 23-27] Running DRC with 8 threads
INFO: [Project 1-461] DRC finished with 0 Errors
INFO: [Project 1-462] Please refer to the DRC report (report_drc) for more information.

Time (s): cpu = 00:00:02 ; elapsed = 00:00:02 . Memory (MB): peak = 2476.996 ; gain = 64.031 ; free physical = 801 ; free virtual = 7033

Starting Cache Timing Information Task
INFO: [Timing 38-35] Done setting XDC timing constraints.
INFO: [Timing 38-2] Deriving generated clocks
Ending Cache Timing Information Task | Checksum: 1adb0b9db

Time (s): cpu = 00:00:00.03 ; elapsed = 00:00:00.02 . Memory (MB): peak = 2476.996 ; gain = 0.000 ; free physical = 801 ; free virtual = 7033

Starting Logic Optimization Task

Phase 1 Retarget
INFO: [Opt 31-138] Pushed 0 inverter(s) to 0 load pin(s).
INFO: [Opt 31-49] Retargeted 0 cell(s).
Phase 1 Retarget | Checksum: 21c21cce6

Time (s): cpu = 00:00:00.08 ; elapsed = 00:00:00.02 . Memory (MB): peak = 2611.824 ; gain = 0.000 ; free physical = 639 ; free virtual = 6871
INFO: [Opt 31-389] Phase Retarget created 17 cells and removed 19 cells
INFO: [Opt 31-1021] In phase Retarget, 1 netlist objects are constrained preventing optimization. Please run opt_design with -debug_log to get more detail. 

Phase 2 Constant propagation
INFO: [Opt 31-138] Pushed 0 inverter(s) to 0 load pin(s).
Phase 2 Constant propagation | Checksum: 19e5b0724

Time (s): cpu = 00:00:00.12 ; elapsed = 00:00:00.03 . Memory (MB): peak = 2611.824 ; gain = 0.000 ; free physical = 639 ; free virtual = 6871
INFO: [Opt 31-389] Phase Constant propagation created 6 cells and removed 37 cells

Phase 3 Sweep
Phase 3 Sweep | Checksum: 1b3ce09a9

Time (s): cpu = 00:00:00.13 ; elapsed = 00:00:00.04 . Memory (MB): peak = 2611.824 ; gain = 0.000 ; free physical = 639 ; free virtual = 6871
INFO: [Opt 31-389] Phase Sweep created 0 cells and removed 0 cells

Phase 4 BUFG optimization
Phase 4 BUFG optimization | Checksum: 1b3ce09a9

Time (s): cpu = 00:00:00.13 ; elapsed = 00:00:00.04 . Memory (MB): peak = 2611.824 ; gain = 0.000 ; free physical = 639 ; free virtual = 6871
INFO: [Opt 31-662] Phase BUFG optimization created 0 cells of which 0 are BUFGs and removed 0 cells.

Phase 5 Shift Register Optimization
INFO: [Opt 31-1064] SRL Remap converted 0 SRLs to 0 registers and converted 0 registers of register chains to 0 SRLs
Phase 5 Shift Register Optimization | Checksum: 1b3ce09a9

Time (s): cpu = 00:00:00.13 ; elapsed = 00:00:00.04 . Memory (MB): peak = 2611.824 ; gain = 0.000 ; free physical = 639 ; free virtual = 6871
INFO: [Opt 31-389] Phase Shift Register Optimization created 0 cells and removed 0 cells

Phase 6 Post Processing Netlist
Phase 6 Post Processing Netlist | Checksum: 1b3ce09a9

Time (s): cpu = 00:00:00.13 ; elapsed = 00:00:00.04 . Memory (MB): peak = 2611.824 ; gain = 0.000 ; free physical = 639 ; free virtual = 6871
INFO: [Opt 31-389] Phase Post Processing Netlist created 0 cells and removed 0 cells
Opt_design Change Summary
=========================


-------------------------------------------------------------------------------------------------------------------------
|  Phase                        |  #Cells created  |  #Cells Removed  |  #Constrained objects preventing optimizations  |
-------------------------------------------------------------------------------------------------------------------------
|  Retarget                     |              17  |              19  |                                              1  |
|  Constant propagation         |               6  |              37  |                                              0  |
|  Sweep                        |               0  |               0  |                                              0  |
|  BUFG optimization            |               0  |               0  |                                              0  |
|  Shift Register Optimization  |               0  |               0  |                                              0  |
|  Post Processing Netlist      |               0  |               0  |                                              0  |
-------------------------------------------------------------------------------------------------------------------------



Starting Connectivity Check Task

Time (s): cpu = 00:00:00 ; elapsed = 00:00:00 . Memory (MB): peak = 2611.824 ; gain = 0.000 ; free physical = 639 ; free virtual = 6871
Ending Logic Optimization Task | Checksum: 1a936fab4

Time (s): cpu = 00:00:00.14 ; elapsed = 00:00:00.04 . Memory (MB): peak = 2611.824 ; gain = 0.000 ; free physical = 639 ; free virtual = 6871

Starting Power Optimization Task
INFO: [Pwropt 34-132] Skipping clock gating for clocks with a period < 2.00 ns.
Ending Power Optimization Task | Checksum: 1a936fab4

Time (s): cpu = 00:00:00.05 ; elapsed = 00:00:00.01 . Memory (MB): peak = 2611.824 ; gain = 0.000 ; free physical = 638 ; free virtual = 6870

Starting Final Cleanup Task
Ending Final Cleanup Task | Checksum: 1a936fab4

Time (s): cpu = 00:00:00 ; elapsed = 00:00:00 . Memory (MB): peak = 2611.824 ; gain = 0.000 ; free physical = 638 ; free virtual = 6870

Starting Netlist Obfuscation Task
Netlist sorting complete. Time (s): cpu = 00:00:00 ; elapsed = 00:00:00 . Memory (MB): peak = 2611.824 ; gain = 0.000 ; free physical = 638 ; free virtual = 6870
Ending Netlist Obfuscation Task | Checksum: 1a936fab4

Time (s): cpu = 00:00:00 ; elapsed = 00:00:00 . Memory (MB): peak = 2611.824 ; gain = 0.000 ; free physical = 638 ; free virtual = 6870
INFO: [Common 17-83] Releasing license: Implementation
34 Infos, 0 Warnings, 0 Critical Warnings and 0 Errors encountered.
opt_design completed successfully
INFO: [Timing 38-35] Done setting XDC timing constraints.
INFO: [Timing 38-480] Writing timing data to binary archive.
Writing placer database...
Writing XDEF routing.
Writing XDEF routing logical nets.
Writing XDEF routing special nets.
Write XDEF Complete: Time (s): cpu = 00:00:00.06 ; elapsed = 00:00:00.01 . Memory (MB): peak = 2619.828 ; gain = 0.000 ; free physical = 635 ; free virtual = 6868
INFO: [Common 17-1381] The checkpoint '/home/sims0702/Documents/lab3/lab3.runs/impl_1/design_1_wrapper_opt.dcp' has been generated.
INFO: [runtcl-4] Executing : report_drc -file design_1_wrapper_drc_opted.rpt -pb design_1_wrapper_drc_opted.pb -rpx design_1_wrapper_drc_opted.rpx
Command: report_drc -file design_1_wrapper_drc_opted.rpt -pb design_1_wrapper_drc_opted.pb -rpx design_1_wrapper_drc_opted.rpx
INFO: [IP_Flow 19-1839] IP Catalog is up to date.
INFO: [DRC 23-27] Running DRC with 8 threads
INFO: [Coretcl 2-168] The results of DRC are in file /home/sims0702/Documents/lab3/lab3.runs/impl_1/design_1_wrapper_drc_opted.rpt.
report_drc completed successfully
Command: place_design
Attempting to get a license for feature 'Implementation' and/or device 'xc7z020'
INFO: [Common 17-349] Got license for feature 'Implementation' and/or device 'xc7z020'
INFO: [DRC 23-27] Running DRC with 8 threads
INFO: [Vivado_Tcl 4-198] DRC finished with 0 Errors
INFO: [Vivado_Tcl 4-199] Please refer to the DRC report (report_drc) for more information.
Running DRC as a precondition to command place_design
INFO: [DRC 23-27] Running DRC with 8 threads
INFO: [Vivado_Tcl 4-198] DRC finished with 0 Errors
INFO: [Vivado_Tcl 4-199] Please refer to the DRC report (report_drc) for more information.

Starting Placer Task
INFO: [Place 30-611] Multithreading enabled for place_design using a maximum of 8 CPUs

Phase 1 Placer Initialization

Phase 1.1 Placer Initialization Netlist Sorting
Netlist sorting complete. Time (s): cpu = 00:00:00 ; elapsed = 00:00:00 . Memory (MB): peak = 2764.270 ; gain = 0.000 ; free physical = 616 ; free virtual = 6848
Phase 1.1 Placer Initialization Netlist Sorting | Checksum: 172657b84

Time (s): cpu = 00:00:00.01 ; elapsed = 00:00:00.05 . Memory (MB): peak = 2764.270 ; gain = 0.000 ; free physical = 616 ; free virtual = 6848
Netlist sorting complete. Time (s): cpu = 00:00:00 ; elapsed = 00:00:00 . Memory (MB): peak = 2764.270 ; gain = 0.000 ; free physical = 616 ; free virtual = 6848

Phase 1.2 IO Placement/ Clock Placement/ Build Placer Device
Phase 1.2 IO Placement/ Clock Placement/ Build Placer Device | Checksum: 11c352aa6

Time (s): cpu = 00:00:00.31 ; elapsed = 00:00:00.19 . Memory (MB): peak = 2764.270 ; gain = 0.000 ; free physical = 601 ; free virtual = 6833

Phase 1.3 Build Placer Netlist Model
Phase 1.3 Build Placer Netlist Model | Checksum: 1ff65b7e1

Time (s): cpu = 00:00:00.50 ; elapsed = 00:00:00.24 . Memory (MB): peak = 2764.270 ; gain = 0.000 ; free physical = 612 ; free virtual = 6845

Phase 1.4 Constrain Clocks/Macros
Phase 1.4 Constrain Clocks/Macros | Checksum: 1ff65b7e1

Time (s): cpu = 00:00:00.50 ; elapsed = 00:00:00.24 . Memory (MB): peak = 2764.270 ; gain = 0.000 ; free physical = 612 ; free virtual = 6845
Phase 1 Placer Initialization | Checksum: 1ff65b7e1

Time (s): cpu = 00:00:00.51 ; elapsed = 00:00:00.24 . Memory (MB): peak = 2764.270 ; gain = 0.000 ; free physical = 612 ; free virtual = 6845

Phase 2 Global Placement

Phase 2.1 Floorplanning
Phase 2.1 Floorplanning | Checksum: 1509d81bf

Time (s): cpu = 00:00:00.65 ; elapsed = 00:00:00.27 . Memory (MB): peak = 2764.270 ; gain = 0.000 ; free physical = 604 ; free virtual = 6837

Phase 2.2 Global Placement Core

Phase 2.2.1 Physical Synthesis In Placer
INFO: [Physopt 32-1044] Break lutnm for timing: one critical 0, two critical 0, total 0, new lutff created 0
INFO: [Physopt 32-775] End 1 Pass. Optimized 0 net or cell. Created 0 new cell, deleted 0 existing cell and moved 0 existing cell
INFO: [Physopt 32-65] No nets found for high-fanout optimization.
INFO: [Physopt 32-232] Optimized 0 net. Created 0 new instance.
INFO: [Physopt 32-775] End 1 Pass. Optimized 0 net or cell. Created 0 new cell, deleted 0 existing cell and moved 0 existing cell
INFO: [Physopt 32-670] No setup violation found.  DSP Register Optimization was not performed.
INFO: [Physopt 32-670] No setup violation found.  Shift Register to Pipeline Optimization was not performed.
INFO: [Physopt 32-670] No setup violation found.  Shift Register Optimization was not performed.
INFO: [Physopt 32-670] No setup violation found.  BRAM Register Optimization was not performed.
INFO: [Physopt 32-670] No setup violation found.  URAM Register Optimization was not performed.
INFO: [Physopt 32-949] No candidate nets found for HD net replication
INFO: [Physopt 32-775] End 1 Pass. Optimized 0 net or cell. Created 0 new cell, deleted 0 existing cell and moved 0 existing cell
Netlist sorting complete. Time (s): cpu = 00:00:00 ; elapsed = 00:00:00 . Memory (MB): peak = 2764.270 ; gain = 0.000 ; free physical = 591 ; free virtual = 6824

Summary of Physical Synthesis Optimizations
============================================


-----------------------------------------------------------------------------------------------------------------------------------------------------------
|  Optimization                                     |  Added Cells  |  Removed Cells  |  Optimized Cells/Nets  |  Dont Touch  |  Iterations  |  Elapsed   |
-----------------------------------------------------------------------------------------------------------------------------------------------------------
|  LUT Combining                                    |            0  |              0  |                     0  |           0  |           1  |  00:00:00  |
|  Very High Fanout                                 |            0  |              0  |                     0  |           0  |           1  |  00:00:00  |
|  DSP Register                                     |            0  |              0  |                     0  |           0  |           0  |  00:00:00  |
|  Shift Register to Pipeline                       |            0  |              0  |                     0  |           0  |           0  |  00:00:00  |
|  Shift Register                                   |            0  |              0  |                     0  |           0  |           0  |  00:00:00  |
|  BRAM Register                                    |            0  |              0  |                     0  |           0  |           0  |  00:00:00  |
|  URAM Register                                    |            0  |              0  |                     0  |           0  |           0  |  00:00:00  |
|  Dynamic/Static Region Interface Net Replication  |            0  |              0  |                     0  |           0  |           1  |  00:00:00  |
|  Total                                            |            0  |              0  |                     0  |           0  |           3  |  00:00:00  |
-----------------------------------------------------------------------------------------------------------------------------------------------------------


Phase 2.2.1 Physical Synthesis In Placer | Checksum: 20a8c3f2f

Time (s): cpu = 00:00:02 ; elapsed = 00:00:00.72 . Memory (MB): peak = 2764.270 ; gain = 0.000 ; free physical = 591 ; free virtual = 6824
Phase 2.2 Global Placement Core | Checksum: 1ee05359e

Time (s): cpu = 00:00:02 ; elapsed = 00:00:00.73 . Memory (MB): peak = 2764.270 ; gain = 0.000 ; free physical = 590 ; free virtual = 6823
Phase 2 Global Placement | Checksum: 1ee05359e

Time (s): cpu = 00:00:02 ; elapsed = 00:00:00.74 . Memory (MB): peak = 2764.270 ; gain = 0.000 ; free physical = 591 ; free virtual = 6824

Phase 3 Detail Placement

Phase 3.1 Commit Multi Column Macros
Phase 3.1 Commit Multi Column Macros | Checksum: 1d366895c

Time (s): cpu = 00:00:02 ; elapsed = 00:00:00.75 . Memory (MB): peak = 2764.270 ; gain = 0.000 ; free physical = 590 ; free virtual = 6823

Phase 3.2 Commit Most Macros & LUTRAMs
Phase 3.2 Commit Most Macros & LUTRAMs | Checksum: 4db2b509

Time (s): cpu = 00:00:02 ; elapsed = 00:00:00.76 . Memory (MB): peak = 2764.270 ; gain = 0.000 ; free physical = 590 ; free virtual = 6823

Phase 3.3 Area Swap Optimization
Phase 3.3 Area Swap Optimization | Checksum: eab174e4

Time (s): cpu = 00:00:02 ; elapsed = 00:00:00.76 . Memory (MB): peak = 2764.270 ; gain = 0.000 ; free physical = 590 ; free virtual = 6823

Phase 3.4 Pipeline Register Optimization
Phase 3.4 Pipeline Register Optimization | Checksum: eab174e4

Time (s): cpu = 00:00:02 ; elapsed = 00:00:00.76 . Memory (MB): peak = 2764.270 ; gain = 0.000 ; free physical = 590 ; free virtual = 6823

Phase 3.5 Small Shape Detail Placement
Phase 3.5 Small Shape Detail Placement | Checksum: 11a769bc5

Time (s): cpu = 00:00:03 ; elapsed = 00:00:00.88 . Memory (MB): peak = 2764.270 ; gain = 0.000 ; free physical = 587 ; free virtual = 6820

Phase 3.6 Re-assign LUT pins
Phase 3.6 Re-assign LUT pins | Checksum: c58a7ace

Time (s): cpu = 00:00:03 ; elapsed = 00:00:00.89 . Memory (MB): peak = 2764.270 ; gain = 0.000 ; free physical = 587 ; free virtual = 6820

Phase 3.7 Pipeline Register Optimization
Phase 3.7 Pipeline Register Optimization | Checksum: c58a7ace

Time (s): cpu = 00:00:03 ; elapsed = 00:00:00.89 . Memory (MB): peak = 2764.270 ; gain = 0.000 ; free physical = 587 ; free virtual = 6820
Phase 3 Detail Placement | Checksum: c58a7ace

Time (s): cpu = 00:00:03 ; elapsed = 00:00:00.89 . Memory (MB): peak = 2764.270 ; gain = 0.000 ; free physical = 587 ; free virtual = 6820

Phase 4 Post Placement Optimization and Clean-Up

Phase 4.1 Post Commit Optimization
INFO: [Timing 38-35] Done setting XDC timing constraints.

Phase 4.1.1 Post Placement Optimization
Post Placement Optimization Initialization | Checksum: 112a40dc7

Phase 4.1.1.1 BUFG Insertion

Starting Physical Synthesis Task

Phase 1 Physical Synthesis Initialization
INFO: [Physopt 32-721] Multithreading enabled for phys_opt_design using a maximum of 8 CPUs
INFO: [Physopt 32-619] Estimated Timing Summary | WNS=36.477 | TNS=0.000 |
Phase 1 Physical Synthesis Initialization | Checksum: 1386e55ee

Time (s): cpu = 00:00:00.06 ; elapsed = 00:00:00.01 . Memory (MB): peak = 2764.270 ; gain = 0.000 ; free physical = 588 ; free virtual = 6821
INFO: [Place 46-56] BUFG insertion identified 0 candidate nets. Inserted BUFG: 0, Replicated BUFG Driver: 0, Skipped due to Placement/Routing Conflicts: 0, Skipped due to Timing Degradation: 0, Skipped due to Illegal Netlist: 0.
Ending Physical Synthesis Task | Checksum: dbb33b1b

Time (s): cpu = 00:00:00.06 ; elapsed = 00:00:00.01 . Memory (MB): peak = 2764.270 ; gain = 0.000 ; free physical = 588 ; free virtual = 6821
Phase 4.1.1.1 BUFG Insertion | Checksum: 112a40dc7

Time (s): cpu = 00:00:03 ; elapsed = 00:00:00.93 . Memory (MB): peak = 2764.270 ; gain = 0.000 ; free physical = 588 ; free virtual = 6821
INFO: [Place 30-746] Post Placement Timing Summary WNS=36.477. For the most accurate timing information please run report_timing.
Phase 4.1.1 Post Placement Optimization | Checksum: b251c72e

Time (s): cpu = 00:00:03 ; elapsed = 00:00:00.93 . Memory (MB): peak = 2764.270 ; gain = 0.000 ; free physical = 588 ; free virtual = 6821
Phase 4.1 Post Commit Optimization | Checksum: b251c72e

Time (s): cpu = 00:00:03 ; elapsed = 00:00:00.94 . Memory (MB): peak = 2764.270 ; gain = 0.000 ; free physical = 588 ; free virtual = 6821

Phase 4.2 Post Placement Cleanup
Phase 4.2 Post Placement Cleanup | Checksum: b251c72e

Time (s): cpu = 00:00:03 ; elapsed = 00:00:00.94 . Memory (MB): peak = 2764.270 ; gain = 0.000 ; free physical = 589 ; free virtual = 6822

Phase 4.3 Placer Reporting
Phase 4.3 Placer Reporting | Checksum: b251c72e

Time (s): cpu = 00:00:03 ; elapsed = 00:00:00.94 . Memory (MB): peak = 2764.270 ; gain = 0.000 ; free physical = 589 ; free virtual = 6822

Phase 4.4 Final Placement Cleanup
Netlist sorting complete. Time (s): cpu = 00:00:00 ; elapsed = 00:00:00 . Memory (MB): peak = 2764.270 ; gain = 0.000 ; free physical = 589 ; free virtual = 6822
Phase 4.4 Final Placement Cleanup | Checksum: ad693118

Time (s): cpu = 00:00:03 ; elapsed = 00:00:00.94 . Memory (MB): peak = 2764.270 ; gain = 0.000 ; free physical = 589 ; free virtual = 6822
Phase 4 Post Placement Optimization and Clean-Up | Checksum: ad693118

Time (s): cpu = 00:00:03 ; elapsed = 00:00:00.94 . Memory (MB): peak = 2764.270 ; gain = 0.000 ; free physical = 589 ; free virtual = 6822
Ending Placer Task | Checksum: 9ff925d5

Time (s): cpu = 00:00:03 ; elapsed = 00:00:00.95 . Memory (MB): peak = 2764.270 ; gain = 0.000 ; free physical = 589 ; free virtual = 6822
INFO: [Common 17-83] Releasing license: Implementation
67 Infos, 0 Warnings, 0 Critical Warnings and 0 Errors encountered.
place_design completed successfully
INFO: [Timing 38-480] Writing timing data to binary archive.
Writing placer database...
Writing XDEF routing.
Writing XDEF routing logical nets.
Writing XDEF routing special nets.
Write XDEF Complete: Time (s): cpu = 00:00:00.07 ; elapsed = 00:00:00.03 . Memory (MB): peak = 2764.270 ; gain = 0.000 ; free physical = 605 ; free virtual = 6840
INFO: [Common 17-1381] The checkpoint '/home/sims0702/Documents/lab3/lab3.runs/impl_1/design_1_wrapper_placed.dcp' has been generated.
INFO: [runtcl-4] Executing : report_io -file design_1_wrapper_io_placed.rpt
report_io: Time (s): cpu = 00:00:00.11 ; elapsed = 00:00:00.15 . Memory (MB): peak = 2764.270 ; gain = 0.000 ; free physical = 601 ; free virtual = 6834
INFO: [runtcl-4] Executing : report_utilization -file design_1_wrapper_utilization_placed.rpt -pb design_1_wrapper_utilization_placed.pb
INFO: [runtcl-4] Executing : report_control_sets -verbose -file design_1_wrapper_control_sets_placed.rpt
report_control_sets: Time (s): cpu = 00:00:00.03 ; elapsed = 00:00:00.08 . Memory (MB): peak = 2764.270 ; gain = 0.000 ; free physical = 604 ; free virtual = 6838
Command: phys_opt_design
Attempting to get a license for feature 'Implementation' and/or device 'xc7z020'
INFO: [Common 17-349] Got license for feature 'Implementation' and/or device 'xc7z020'
INFO: [Vivado_Tcl 4-383] Design worst setup slack (WNS) is greater than or equal to 0.000 ns. Skipping all physical synthesis optimizations.
INFO: [Vivado_Tcl 4-232] No setup violation found. The netlist was not modified.
INFO: [Common 17-83] Releasing license: Implementation
76 Infos, 0 Warnings, 0 Critical Warnings and 0 Errors encountered.
phys_opt_design completed successfully
INFO: [Timing 38-480] Writing timing data to binary archive.
Writing placer database...
Writing XDEF routing.
Writing XDEF routing logical nets.
Writing XDEF routing special nets.
Write XDEF Complete: Time (s): cpu = 00:00:00.06 ; elapsed = 00:00:00.02 . Memory (MB): peak = 2764.270 ; gain = 0.000 ; free physical = 575 ; free virtual = 6809
INFO: [Common 17-1381] The checkpoint '/home/sims0702/Documents/lab3/lab3.runs/impl_1/design_1_wrapper_physopt.dcp' has been generated.
Command: route_design
Attempting to get a license for feature 'Implementation' and/or device 'xc7z020'
INFO: [Common 17-349] Got license for feature 'Implementation' and/or device 'xc7z020'
Running DRC as a precondition to command route_design
INFO: [DRC 23-27] Running DRC with 8 threads
INFO: [Vivado_Tcl 4-198] DRC finished with 0 Errors
INFO: [Vivado_Tcl 4-199] Please refer to the DRC report (report_drc) for more information.


Starting Routing Task
INFO: [Route 35-254] Multithreading enabled for route_design using a maximum of 8 CPUs
Checksum: PlaceDB: 11073709 ConstDB: 0 ShapeSum: 8ef1eecc RouteDB: 0

Phase 1 Build RT Design
Phase 1 Build RT Design | Checksum: d5a88e61

Time (s): cpu = 00:00:12 ; elapsed = 00:00:10 . Memory (MB): peak = 2785.820 ; gain = 16.008 ; free physical = 443 ; free virtual = 6677
Post Restoration Checksum: NetGraph: b115137d NumContArr: 24937ae4 Constraints: 0 Timing: 0

Phase 2 Router Initialization

Phase 2.1 Create Timer
Phase 2.1 Create Timer | Checksum: d5a88e61

Time (s): cpu = 00:00:12 ; elapsed = 00:00:10 . Memory (MB): peak = 2785.820 ; gain = 16.008 ; free physical = 444 ; free virtual = 6678

Phase 2.2 Fix Topology Constraints
Phase 2.2 Fix Topology Constraints | Checksum: d5a88e61

Time (s): cpu = 00:00:12 ; elapsed = 00:00:10 . Memory (MB): peak = 2785.820 ; gain = 16.008 ; free physical = 409 ; free virtual = 6643

Phase 2.3 Pre Route Cleanup
Phase 2.3 Pre Route Cleanup | Checksum: d5a88e61

Time (s): cpu = 00:00:12 ; elapsed = 00:00:10 . Memory (MB): peak = 2785.820 ; gain = 16.008 ; free physical = 409 ; free virtual = 6643
 Number of Nodes with overlaps = 0

Phase 2.4 Update Timing
Phase 2.4 Update Timing | Checksum: 189183c61

Time (s): cpu = 00:00:12 ; elapsed = 00:00:10 . Memory (MB): peak = 2798.875 ; gain = 29.062 ; free physical = 402 ; free virtual = 6635
INFO: [Route 35-416] Intermediate Timing Summary | WNS=36.383 | TNS=0.000  | WHS=-0.245 | THS=-3.192 |

Phase 2 Router Initialization | Checksum: 21a631855

Time (s): cpu = 00:00:13 ; elapsed = 00:00:10 . Memory (MB): peak = 2798.875 ; gain = 29.062 ; free physical = 400 ; free virtual = 6634

Router Utilization Summary
  Global Vertical Routing Utilization    = 0 %
  Global Horizontal Routing Utilization  = 0 %
  Routable Net Status*
  *Does not include unroutable nets such as driverless and loadless.
  Run report_route_status for detailed report.
  Number of Failed Nets               = 54
    (Failed Nets is the sum of unrouted and partially routed nets)
  Number of Unrouted Nets             = 54
  Number of Partially Routed Nets     = 0
  Number of Node Overlaps             = 0


Phase 3 Initial Routing
Phase 3 Initial Routing | Checksum: 20489eb1c

Time (s): cpu = 00:00:13 ; elapsed = 00:00:10 . Memory (MB): peak = 2799.879 ; gain = 30.066 ; free physical = 401 ; free virtual = 6635

Phase 4 Rip-up And Reroute

Phase 4.1 Global Iteration 0
 Number of Nodes with overlaps = 1
 Number of Nodes with overlaps = 0
INFO: [Route 35-416] Intermediate Timing Summary | WNS=36.136 | TNS=0.000  | WHS=N/A    | THS=N/A    |

Phase 4.1 Global Iteration 0 | Checksum: 1b1616aef

Time (s): cpu = 00:00:13 ; elapsed = 00:00:10 . Memory (MB): peak = 2799.879 ; gain = 30.066 ; free physical = 401 ; free virtual = 6635
Phase 4 Rip-up And Reroute | Checksum: 1b1616aef

Time (s): cpu = 00:00:13 ; elapsed = 00:00:10 . Memory (MB): peak = 2799.879 ; gain = 30.066 ; free physical = 401 ; free virtual = 6635

Phase 5 Delay and Skew Optimization

Phase 5.1 Delay CleanUp
Phase 5.1 Delay CleanUp | Checksum: 1b1616aef

Time (s): cpu = 00:00:13 ; elapsed = 00:00:10 . Memory (MB): peak = 2799.879 ; gain = 30.066 ; free physical = 401 ; free virtual = 6635

Phase 5.2 Clock Skew Optimization
Phase 5.2 Clock Skew Optimization | Checksum: 1b1616aef

Time (s): cpu = 00:00:13 ; elapsed = 00:00:10 . Memory (MB): peak = 2799.879 ; gain = 30.066 ; free physical = 401 ; free virtual = 6635
Phase 5 Delay and Skew Optimization | Checksum: 1b1616aef

Time (s): cpu = 00:00:13 ; elapsed = 00:00:10 . Memory (MB): peak = 2799.879 ; gain = 30.066 ; free physical = 401 ; free virtual = 6635

Phase 6 Post Hold Fix

Phase 6.1 Hold Fix Iter

Phase 6.1.1 Update Timing
Phase 6.1.1 Update Timing | Checksum: 170c899b9

Time (s): cpu = 00:00:13 ; elapsed = 00:00:10 . Memory (MB): peak = 2799.879 ; gain = 30.066 ; free physical = 401 ; free virtual = 6635
INFO: [Route 35-416] Intermediate Timing Summary | WNS=36.291 | TNS=0.000  | WHS=0.068  | THS=0.000  |

Phase 6.1 Hold Fix Iter | Checksum: 170c899b9

Time (s): cpu = 00:00:13 ; elapsed = 00:00:10 . Memory (MB): peak = 2799.879 ; gain = 30.066 ; free physical = 401 ; free virtual = 6635
Phase 6 Post Hold Fix | Checksum: 170c899b9

Time (s): cpu = 00:00:13 ; elapsed = 00:00:10 . Memory (MB): peak = 2799.879 ; gain = 30.066 ; free physical = 401 ; free virtual = 6635

Phase 7 Route finalize

Router Utilization Summary
  Global Vertical Routing Utilization    = 0.0117531 %
  Global Horizontal Routing Utilization  = 0.00540906 %
  Routable Net Status*
  *Does not include unroutable nets such as driverless and loadless.
  Run report_route_status for detailed report.
  Number of Failed Nets               = 0
    (Failed Nets is the sum of unrouted and partially routed nets)
  Number of Unrouted Nets             = 0
  Number of Partially Routed Nets     = 0
  Number of Node Overlaps             = 0

Phase 7 Route finalize | Checksum: 1396d42c5

Time (s): cpu = 00:00:13 ; elapsed = 00:00:10 . Memory (MB): peak = 2799.879 ; gain = 30.066 ; free physical = 401 ; free virtual = 6635

Phase 8 Verifying routed nets

 Verification completed successfully
Phase 8 Verifying routed nets | Checksum: 1396d42c5

Time (s): cpu = 00:00:13 ; elapsed = 00:00:10 . Memory (MB): peak = 2799.879 ; gain = 30.066 ; free physical = 400 ; free virtual = 6633

Phase 9 Depositing Routes
Phase 9 Depositing Routes | Checksum: 15683280b

Time (s): cpu = 00:00:13 ; elapsed = 00:00:10 . Memory (MB): peak = 2799.879 ; gain = 30.066 ; free physical = 400 ; free virtual = 6633

Phase 10 Post Router Timing
INFO: [Route 35-57] Estimated Timing Summary | WNS=36.291 | TNS=0.000  | WHS=0.068  | THS=0.000  |

INFO: [Route 35-327] The final timing numbers are based on the router estimated timing analysis. For a complete and accurate timing signoff, please run report_timing_summary.
Phase 10 Post Router Timing | Checksum: 15683280b

Time (s): cpu = 00:00:13 ; elapsed = 00:00:10 . Memory (MB): peak = 2799.879 ; gain = 30.066 ; free physical = 400 ; free virtual = 6633
INFO: [Route 35-16] Router Completed Successfully

Time (s): cpu = 00:00:13 ; elapsed = 00:00:10 . Memory (MB): peak = 2799.879 ; gain = 30.066 ; free physical = 435 ; free virtual = 6669

Routing Is Done.
INFO: [Common 17-83] Releasing license: Implementation
90 Infos, 0 Warnings, 0 Critical Warnings and 0 Errors encountered.
route_design completed successfully
route_design: Time (s): cpu = 00:00:15 ; elapsed = 00:00:12 . Memory (MB): peak = 2799.879 ; gain = 35.609 ; free physical = 437 ; free virtual = 6671
INFO: [Timing 38-480] Writing timing data to binary archive.
Writing placer database...
Writing XDEF routing.
Writing XDEF routing logical nets.
Writing XDEF routing special nets.
Write XDEF Complete: Time (s): cpu = 00:00:00.08 ; elapsed = 00:00:00.03 . Memory (MB): peak = 2807.883 ; gain = 0.000 ; free physical = 430 ; free virtual = 6665
INFO: [Common 17-1381] The checkpoint '/home/sims0702/Documents/lab3/lab3.runs/impl_1/design_1_wrapper_routed.dcp' has been generated.
INFO: [runtcl-4] Executing : report_drc -file design_1_wrapper_drc_routed.rpt -pb design_1_wrapper_drc_routed.pb -rpx design_1_wrapper_drc_routed.rpx
Command: report_drc -file design_1_wrapper_drc_routed.rpt -pb design_1_wrapper_drc_routed.pb -rpx design_1_wrapper_drc_routed.rpx
INFO: [IP_Flow 19-1839] IP Catalog is up to date.
INFO: [DRC 23-27] Running DRC with 8 threads
INFO: [Coretcl 2-168] The results of DRC are in file /home/sims0702/Documents/lab3/lab3.runs/impl_1/design_1_wrapper_drc_routed.rpt.
report_drc completed successfully
INFO: [runtcl-4] Executing : report_methodology -file design_1_wrapper_methodology_drc_routed.rpt -pb design_1_wrapper_methodology_drc_routed.pb -rpx design_1_wrapper_methodology_drc_routed.rpx
Command: report_methodology -file design_1_wrapper_methodology_drc_routed.rpt -pb design_1_wrapper_methodology_drc_routed.pb -rpx design_1_wrapper_methodology_drc_routed.rpx
INFO: [Timing 38-35] Done setting XDC timing constraints.
INFO: [DRC 23-133] Running Methodology with 8 threads
INFO: [Coretcl 2-1520] The results of Report Methodology are in file /home/sims0702/Documents/lab3/lab3.runs/impl_1/design_1_wrapper_methodology_drc_routed.rpt.
report_methodology completed successfully
INFO: [runtcl-4] Executing : report_power -file design_1_wrapper_power_routed.rpt -pb design_1_wrapper_power_summary_routed.pb -rpx design_1_wrapper_power_routed.rpx
Command: report_power -file design_1_wrapper_power_routed.rpt -pb design_1_wrapper_power_summary_routed.pb -rpx design_1_wrapper_power_routed.rpx
INFO: [Timing 38-35] Done setting XDC timing constraints.
Running Vector-less Activity Propagation...

Finished Running Vector-less Activity Propagation
102 Infos, 0 Warnings, 0 Critical Warnings and 0 Errors encountered.
report_power completed successfully
INFO: [runtcl-4] Executing : report_route_status -file design_1_wrapper_route_status.rpt -pb design_1_wrapper_route_status.pb
INFO: [runtcl-4] Executing : report_timing_summary -max_paths 10 -file design_1_wrapper_timing_summary_routed.rpt -pb design_1_wrapper_timing_summary_routed.pb -rpx design_1_wrapper_timing_summary_routed.rpx -warn_on_violation 
INFO: [Timing 38-91] UpdateTimingParams: Speed grade: -1, Delay Type: min_max.
INFO: [Timing 38-191] Multithreading enabled for timing update using a maximum of 8 CPUs
INFO: [runtcl-4] Executing : report_incremental_reuse -file design_1_wrapper_incremental_reuse_routed.rpt
INFO: [Vivado_Tcl 4-1062] Incremental flow is disabled. No incremental reuse Info to report.
INFO: [runtcl-4] Executing : report_clock_utilization -file design_1_wrapper_clock_utilization_routed.rpt
INFO: [runtcl-4] Executing : report_bus_skew -warn_on_violation -file design_1_wrapper_bus_skew_routed.rpt -pb design_1_wrapper_bus_skew_routed.pb -rpx design_1_wrapper_bus_skew_routed.rpx
INFO: [Timing 38-91] UpdateTimingParams: Speed grade: -1, Delay Type: min_max.
INFO: [Timing 38-191] Multithreading enabled for timing update using a maximum of 8 CPUs
Command: write_bitstream -force design_1_wrapper.bit
Attempting to get a license for feature 'Implementation' and/or device 'xc7z020'
INFO: [Common 17-349] Got license for feature 'Implementation' and/or device 'xc7z020'
Running DRC as a precondition to command write_bitstream
INFO: [IP_Flow 19-1839] IP Catalog is up to date.
INFO: [DRC 23-27] Running DRC with 8 threads
WARNING: [DRC ZPS7-1] PS7 block required: The PS7 cell must be used in this Zynq design in order to enable correct default configuration.
INFO: [Vivado 12-3199] DRC finished with 0 Errors, 1 Warnings
INFO: [Vivado 12-3200] Please refer to the DRC report (report_drc) for more information.
INFO: [Designutils 20-2272] Running write_bitstream with 8 threads.
Loading data files...
Loading site data...
Loading route data...
Processing options...
Creating bitmap...
Creating bitstream...
Writing bitstream ./design_1_wrapper.bit...
INFO: [Vivado 12-1842] Bitgen Completed Successfully.
INFO: [Project 1-120] WebTalk data collection is mandatory when using a WebPACK part without a full Vivado license. To see the specific WebTalk data collected for your design, open the usage_statistics_webtalk.html or usage_statistics_webtalk.xml file in the implementation directory.
INFO: [Common 17-83] Releasing license: Implementation
121 Infos, 1 Warnings, 0 Critical Warnings and 0 Errors encountered.
write_bitstream completed successfully
write_bitstream: Time (s): cpu = 00:00:09 ; elapsed = 00:00:12 . Memory (MB): peak = 3157.277 ; gain = 184.047 ; free physical = 481 ; free virtual = 6642
INFO: [Common 17-206] Exiting Vivado at Mon Dec  4 12:21:04 2023...

*** Running vivado
    with args -log design_1_wrapper.vdi -applog -m64 -product Vivado -messageDb vivado.pb -mode batch -source design_1_wrapper.tcl -notrace


****** Vivado v2020.1 (64-bit)
  **** SW Build 2902540 on Wed May 27 19:54:35 MDT 2020
  **** IP Build 2902112 on Wed May 27 22:43:36 MDT 2020
    ** Copyright 1986-2020 Xilinx, Inc. All Rights Reserved.

source design_1_wrapper.tcl -notrace
Command: open_checkpoint design_1_wrapper_routed.dcp

Starting open_checkpoint Task

Time (s): cpu = 00:00:00.08 ; elapsed = 00:00:00.07 . Memory (MB): peak = 2078.926 ; gain = 0.000 ; free physical = 1610 ; free virtual = 7763
INFO: [Device 21-403] Loading part xc7z020clg400-1
Netlist sorting complete. Time (s): cpu = 00:00:00 ; elapsed = 00:00:00 . Memory (MB): peak = 2079.086 ; gain = 0.000 ; free physical = 1405 ; free virtual = 7559
INFO: [Netlist 29-17] Analyzing 14 Unisim elements for replacement
INFO: [Netlist 29-28] Unisim Transformation completed in 0 CPU seconds
INFO: [Project 1-479] Netlist was created with Vivado 2020.1
INFO: [Project 1-570] Preparing netlist for logic optimization
INFO: [Timing 38-478] Restoring timing data from binary archive.
INFO: [Timing 38-479] Binary timing data restore complete.
INFO: [Project 1-856] Restoring constraints from binary archive.
INFO: [Project 1-853] Binary constraint restore complete.
Reading XDEF placement.
Reading placer database...
Reading XDEF routing.
Read XDEF File: Time (s): cpu = 00:00:00.07 ; elapsed = 00:00:00.12 . Memory (MB): peak = 2328.871 ; gain = 6.938 ; free physical = 874 ; free virtual = 7028
Restored from archive | CPU: 0.130000 secs | Memory: 1.229393 MB |
Finished XDEF File Restore: Time (s): cpu = 00:00:00.07 ; elapsed = 00:00:00.12 . Memory (MB): peak = 2328.871 ; gain = 6.938 ; free physical = 874 ; free virtual = 7028
Netlist sorting complete. Time (s): cpu = 00:00:00 ; elapsed = 00:00:00 . Memory (MB): peak = 2328.871 ; gain = 0.000 ; free physical = 874 ; free virtual = 7028
INFO: [Project 1-111] Unisim Transformation Summary:
No Unisim elements were transformed.

INFO: [Project 1-604] Checkpoint was created with Vivado v2020.1 (64-bit) build 2902540
open_checkpoint: Time (s): cpu = 00:00:10 ; elapsed = 00:00:13 . Memory (MB): peak = 2328.871 ; gain = 249.945 ; free physical = 874 ; free virtual = 7027
Command: write_bitstream -force design_1_wrapper.bit
Attempting to get a license for feature 'Implementation' and/or device 'xc7z020'
INFO: [Common 17-349] Got license for feature 'Implementation' and/or device 'xc7z020'
Running DRC as a precondition to command write_bitstream
INFO: [IP_Flow 19-234] Refreshing IP repositories
INFO: [IP_Flow 19-1704] No user IP repositories specified
INFO: [IP_Flow 19-2313] Loaded Vivado IP repository '/tools/Xilinx/Vivado/2020.1/data/ip'.
INFO: [DRC 23-27] Running DRC with 8 threads
WARNING: [DRC ZPS7-1] PS7 block required: The PS7 cell must be used in this Zynq design in order to enable correct default configuration.
INFO: [Vivado 12-3199] DRC finished with 0 Errors, 1 Warnings
INFO: [Vivado 12-3200] Please refer to the DRC report (report_drc) for more information.
INFO: [Designutils 20-2272] Running write_bitstream with 8 threads.
Loading data files...
Loading site data...
Loading route data...
Processing options...
Creating bitmap...
Creating bitstream...
Writing bitstream ./design_1_wrapper.bit...
INFO: [Vivado 12-1842] Bitgen Completed Successfully.
INFO: [Project 1-120] WebTalk data collection is mandatory when using a WebPACK part without a full Vivado license. To see the specific WebTalk data collected for your design, open the usage_statistics_webtalk.html or usage_statistics_webtalk.xml file in the implementation directory.
INFO: [Common 17-83] Releasing license: Implementation
22 Infos, 1 Warnings, 0 Critical Warnings and 0 Errors encountered.
write_bitstream completed successfully
write_bitstream: Time (s): cpu = 00:00:09 ; elapsed = 00:00:12 . Memory (MB): peak = 2781.301 ; gain = 452.430 ; free physical = 816 ; free virtual = 6973
INFO: [Common 17-206] Exiting Vivado at Mon Dec  4 12:29:11 2023...
